

Started GET "/assets/rails.png" for 127.0.0.1 at 2012-09-05 17:18:03 +0300
Connecting to database specified by database.yml
Served asset /rails.png - 200 OK (4ms)


Started GET "/rails/info/properties" for 127.0.0.1 at 2012-09-05 17:18:13 +0300
Processing by Rails::InfoController#properties as */*
  Rendered inline template (13.9ms)
Completed 200 OK in 19ms (Views: 18.7ms | ActiveRecord: 0.0ms)


Started GET "/assets/rails.png" for 127.0.0.1 at 2012-09-05 17:34:53 +0300
Connecting to database specified by database.yml
Served asset /rails.png - 304 Not Modified (1ms)


Started GET "/home" for 127.0.0.1 at 2012-09-05 17:34:59 +0300

ActionController::RoutingError (No route matches [GET] "/home"):
  actionpack (3.2.8) lib/action_dispatch/middleware/debug_exceptions.rb:21:in `call'
  actionpack (3.2.8) lib/action_dispatch/middleware/show_exceptions.rb:56:in `call'
  railties (3.2.8) lib/rails/rack/logger.rb:26:in `call_app'
  railties (3.2.8) lib/rails/rack/logger.rb:16:in `call'
  actionpack (3.2.8) lib/action_dispatch/middleware/request_id.rb:22:in `call'
  rack (1.4.1) lib/rack/methodoverride.rb:21:in `call'
  rack (1.4.1) lib/rack/runtime.rb:17:in `call'
  activesupport (3.2.8) lib/active_support/cache/strategy/local_cache.rb:72:in `call'
  rack (1.4.1) lib/rack/lock.rb:15:in `call'
  actionpack (3.2.8) lib/action_dispatch/middleware/static.rb:62:in `call'
  railties (3.2.8) lib/rails/engine.rb:479:in `call'
  railties (3.2.8) lib/rails/application.rb:223:in `call'
  rack (1.4.1) lib/rack/content_length.rb:14:in `call'
  railties (3.2.8) lib/rails/rack/log_tailer.rb:17:in `call'
  rack (1.4.1) lib/rack/handler/webrick.rb:59:in `service'
  /home/coder/.rvm/rubies/ruby-1.9.3-p194/lib/ruby/1.9.1/webrick/httpserver.rb:138:in `service'
  /home/coder/.rvm/rubies/ruby-1.9.3-p194/lib/ruby/1.9.1/webrick/httpserver.rb:94:in `run'
  /home/coder/.rvm/rubies/ruby-1.9.3-p194/lib/ruby/1.9.1/webrick/server.rb:191:in `block in start_thread'


  Rendered /home/coder/.rvm/gems/ruby-1.9.3-p194@marta/gems/actionpack-3.2.8/lib/action_dispatch/middleware/templates/rescues/routing_error.erb within rescues/layout (18.5ms)


Started GET "/home" for 127.0.0.1 at 2012-09-05 17:36:09 +0300

ArgumentError (missing :controller):
  config/routes.rb:3:in `block in <top (required)>'
  config/routes.rb:1:in `<top (required)>'


  Rendered /home/coder/.rvm/gems/ruby-1.9.3-p194@marta/gems/actionpack-3.2.8/lib/action_dispatch/middleware/templates/rescues/_trace.erb (0.9ms)
  Rendered /home/coder/.rvm/gems/ruby-1.9.3-p194@marta/gems/actionpack-3.2.8/lib/action_dispatch/middleware/templates/rescues/_request_and_response.erb (1.6ms)
  Rendered /home/coder/.rvm/gems/ruby-1.9.3-p194@marta/gems/actionpack-3.2.8/lib/action_dispatch/middleware/templates/rescues/diagnostics.erb within rescues/layout (6.6ms)


Started GET "/home" for 127.0.0.1 at 2012-09-05 17:36:44 +0300

ArgumentError (missing :controller):
  config/routes.rb:3:in `block in <top (required)>'
  config/routes.rb:1:in `<top (required)>'


  Rendered /home/coder/.rvm/gems/ruby-1.9.3-p194@marta/gems/actionpack-3.2.8/lib/action_dispatch/middleware/templates/rescues/_trace.erb (0.9ms)
  Rendered /home/coder/.rvm/gems/ruby-1.9.3-p194@marta/gems/actionpack-3.2.8/lib/action_dispatch/middleware/templates/rescues/_request_and_response.erb (0.7ms)
  Rendered /home/coder/.rvm/gems/ruby-1.9.3-p194@marta/gems/actionpack-3.2.8/lib/action_dispatch/middleware/templates/rescues/diagnostics.erb within rescues/layout (5.8ms)


Started GET "/home" for 127.0.0.1 at 2012-09-05 17:36:47 +0300

ActionController::RoutingError (No route matches [GET] "/home"):
  actionpack (3.2.8) lib/action_dispatch/middleware/debug_exceptions.rb:21:in `call'
  actionpack (3.2.8) lib/action_dispatch/middleware/show_exceptions.rb:56:in `call'
  railties (3.2.8) lib/rails/rack/logger.rb:26:in `call_app'
  railties (3.2.8) lib/rails/rack/logger.rb:16:in `call'
  actionpack (3.2.8) lib/action_dispatch/middleware/request_id.rb:22:in `call'
  rack (1.4.1) lib/rack/methodoverride.rb:21:in `call'
  rack (1.4.1) lib/rack/runtime.rb:17:in `call'
  activesupport (3.2.8) lib/active_support/cache/strategy/local_cache.rb:72:in `call'
  rack (1.4.1) lib/rack/lock.rb:15:in `call'
  actionpack (3.2.8) lib/action_dispatch/middleware/static.rb:62:in `call'
  railties (3.2.8) lib/rails/engine.rb:479:in `call'
  railties (3.2.8) lib/rails/application.rb:223:in `call'
  rack (1.4.1) lib/rack/content_length.rb:14:in `call'
  railties (3.2.8) lib/rails/rack/log_tailer.rb:17:in `call'
  rack (1.4.1) lib/rack/handler/webrick.rb:59:in `service'
  /home/coder/.rvm/rubies/ruby-1.9.3-p194/lib/ruby/1.9.1/webrick/httpserver.rb:138:in `service'
  /home/coder/.rvm/rubies/ruby-1.9.3-p194/lib/ruby/1.9.1/webrick/httpserver.rb:94:in `run'
  /home/coder/.rvm/rubies/ruby-1.9.3-p194/lib/ruby/1.9.1/webrick/server.rb:191:in `block in start_thread'


  Rendered /home/coder/.rvm/gems/ruby-1.9.3-p194@marta/gems/actionpack-3.2.8/lib/action_dispatch/middleware/templates/rescues/routing_error.erb within rescues/layout (0.7ms)


Started GET "/home" for 127.0.0.1 at 2012-09-05 17:38:17 +0300

ActionController::RoutingError (No route matches [GET] "/home"):
  actionpack (3.2.8) lib/action_dispatch/middleware/debug_exceptions.rb:21:in `call'
  actionpack (3.2.8) lib/action_dispatch/middleware/show_exceptions.rb:56:in `call'
  railties (3.2.8) lib/rails/rack/logger.rb:26:in `call_app'
  railties (3.2.8) lib/rails/rack/logger.rb:16:in `call'
  actionpack (3.2.8) lib/action_dispatch/middleware/request_id.rb:22:in `call'
  rack (1.4.1) lib/rack/methodoverride.rb:21:in `call'
  rack (1.4.1) lib/rack/runtime.rb:17:in `call'
  activesupport (3.2.8) lib/active_support/cache/strategy/local_cache.rb:72:in `call'
  rack (1.4.1) lib/rack/lock.rb:15:in `call'
  actionpack (3.2.8) lib/action_dispatch/middleware/static.rb:62:in `call'
  railties (3.2.8) lib/rails/engine.rb:479:in `call'
  railties (3.2.8) lib/rails/application.rb:223:in `call'
  rack (1.4.1) lib/rack/content_length.rb:14:in `call'
  railties (3.2.8) lib/rails/rack/log_tailer.rb:17:in `call'
  rack (1.4.1) lib/rack/handler/webrick.rb:59:in `service'
  /home/coder/.rvm/rubies/ruby-1.9.3-p194/lib/ruby/1.9.1/webrick/httpserver.rb:138:in `service'
  /home/coder/.rvm/rubies/ruby-1.9.3-p194/lib/ruby/1.9.1/webrick/httpserver.rb:94:in `run'
  /home/coder/.rvm/rubies/ruby-1.9.3-p194/lib/ruby/1.9.1/webrick/server.rb:191:in `block in start_thread'


  Rendered /home/coder/.rvm/gems/ruby-1.9.3-p194@marta/gems/actionpack-3.2.8/lib/action_dispatch/middleware/templates/rescues/routing_error.erb within rescues/layout (1.4ms)


Started GET "/home" for 127.0.0.1 at 2012-09-05 17:38:18 +0300

ActionController::RoutingError (No route matches [GET] "/home"):
  actionpack (3.2.8) lib/action_dispatch/middleware/debug_exceptions.rb:21:in `call'
  actionpack (3.2.8) lib/action_dispatch/middleware/show_exceptions.rb:56:in `call'
  railties (3.2.8) lib/rails/rack/logger.rb:26:in `call_app'
  railties (3.2.8) lib/rails/rack/logger.rb:16:in `call'
  actionpack (3.2.8) lib/action_dispatch/middleware/request_id.rb:22:in `call'
  rack (1.4.1) lib/rack/methodoverride.rb:21:in `call'
  rack (1.4.1) lib/rack/runtime.rb:17:in `call'
  activesupport (3.2.8) lib/active_support/cache/strategy/local_cache.rb:72:in `call'
  rack (1.4.1) lib/rack/lock.rb:15:in `call'
  actionpack (3.2.8) lib/action_dispatch/middleware/static.rb:62:in `call'
  railties (3.2.8) lib/rails/engine.rb:479:in `call'
  railties (3.2.8) lib/rails/application.rb:223:in `call'
  rack (1.4.1) lib/rack/content_length.rb:14:in `call'
  railties (3.2.8) lib/rails/rack/log_tailer.rb:17:in `call'
  rack (1.4.1) lib/rack/handler/webrick.rb:59:in `service'
  /home/coder/.rvm/rubies/ruby-1.9.3-p194/lib/ruby/1.9.1/webrick/httpserver.rb:138:in `service'
  /home/coder/.rvm/rubies/ruby-1.9.3-p194/lib/ruby/1.9.1/webrick/httpserver.rb:94:in `run'
  /home/coder/.rvm/rubies/ruby-1.9.3-p194/lib/ruby/1.9.1/webrick/server.rb:191:in `block in start_thread'


  Rendered /home/coder/.rvm/gems/ruby-1.9.3-p194@marta/gems/actionpack-3.2.8/lib/action_dispatch/middleware/templates/rescues/routing_error.erb within rescues/layout (0.9ms)


Started GET "/home" for 127.0.0.1 at 2012-09-05 17:38:20 +0300

ActionController::RoutingError (No route matches [GET] "/home"):
  actionpack (3.2.8) lib/action_dispatch/middleware/debug_exceptions.rb:21:in `call'
  actionpack (3.2.8) lib/action_dispatch/middleware/show_exceptions.rb:56:in `call'
  railties (3.2.8) lib/rails/rack/logger.rb:26:in `call_app'
  railties (3.2.8) lib/rails/rack/logger.rb:16:in `call'
  actionpack (3.2.8) lib/action_dispatch/middleware/request_id.rb:22:in `call'
  rack (1.4.1) lib/rack/methodoverride.rb:21:in `call'
  rack (1.4.1) lib/rack/runtime.rb:17:in `call'
  activesupport (3.2.8) lib/active_support/cache/strategy/local_cache.rb:72:in `call'
  rack (1.4.1) lib/rack/lock.rb:15:in `call'
  actionpack (3.2.8) lib/action_dispatch/middleware/static.rb:62:in `call'
  railties (3.2.8) lib/rails/engine.rb:479:in `call'
  railties (3.2.8) lib/rails/application.rb:223:in `call'
  rack (1.4.1) lib/rack/content_length.rb:14:in `call'
  railties (3.2.8) lib/rails/rack/log_tailer.rb:17:in `call'
  rack (1.4.1) lib/rack/handler/webrick.rb:59:in `service'
  /home/coder/.rvm/rubies/ruby-1.9.3-p194/lib/ruby/1.9.1/webrick/httpserver.rb:138:in `service'
  /home/coder/.rvm/rubies/ruby-1.9.3-p194/lib/ruby/1.9.1/webrick/httpserver.rb:94:in `run'
  /home/coder/.rvm/rubies/ruby-1.9.3-p194/lib/ruby/1.9.1/webrick/server.rb:191:in `block in start_thread'


  Rendered /home/coder/.rvm/gems/ruby-1.9.3-p194@marta/gems/actionpack-3.2.8/lib/action_dispatch/middleware/templates/rescues/routing_error.erb within rescues/layout (0.5ms)


Started GET "/home" for 127.0.0.1 at 2012-09-05 17:38:20 +0300

ActionController::RoutingError (No route matches [GET] "/home"):
  actionpack (3.2.8) lib/action_dispatch/middleware/debug_exceptions.rb:21:in `call'
  actionpack (3.2.8) lib/action_dispatch/middleware/show_exceptions.rb:56:in `call'
  railties (3.2.8) lib/rails/rack/logger.rb:26:in `call_app'
  railties (3.2.8) lib/rails/rack/logger.rb:16:in `call'
  actionpack (3.2.8) lib/action_dispatch/middleware/request_id.rb:22:in `call'
  rack (1.4.1) lib/rack/methodoverride.rb:21:in `call'
  rack (1.4.1) lib/rack/runtime.rb:17:in `call'
  activesupport (3.2.8) lib/active_support/cache/strategy/local_cache.rb:72:in `call'
  rack (1.4.1) lib/rack/lock.rb:15:in `call'
  actionpack (3.2.8) lib/action_dispatch/middleware/static.rb:62:in `call'
  railties (3.2.8) lib/rails/engine.rb:479:in `call'
  railties (3.2.8) lib/rails/application.rb:223:in `call'
  rack (1.4.1) lib/rack/content_length.rb:14:in `call'
  railties (3.2.8) lib/rails/rack/log_tailer.rb:17:in `call'
  rack (1.4.1) lib/rack/handler/webrick.rb:59:in `service'
  /home/coder/.rvm/rubies/ruby-1.9.3-p194/lib/ruby/1.9.1/webrick/httpserver.rb:138:in `service'
  /home/coder/.rvm/rubies/ruby-1.9.3-p194/lib/ruby/1.9.1/webrick/httpserver.rb:94:in `run'
  /home/coder/.rvm/rubies/ruby-1.9.3-p194/lib/ruby/1.9.1/webrick/server.rb:191:in `block in start_thread'


  Rendered /home/coder/.rvm/gems/ruby-1.9.3-p194@marta/gems/actionpack-3.2.8/lib/action_dispatch/middleware/templates/rescues/routing_error.erb within rescues/layout (0.8ms)


Started GET "/home/index" for 127.0.0.1 at 2012-09-05 17:41:24 +0300

SyntaxError (/home/coder/Desktop/edu/marta_on_rails/marta_on_rails/config/routes.rb:8: syntax error, unexpected tIDENTIFIER, expecting keyword_end
  #   match 'products/:id' => 'catalog#view'
                     ^
/home/coder/Desktop/edu/marta_on_rails/marta_on_rails/config/routes.rb:8: syntax error, unexpected tSTRING_BEG, expecting keyword_end
  #   match 'products/:id' => 'catalog#view'
                          ^
/home/coder/Desktop/edu/marta_on_rails/marta_on_rails/config/routes.rb:8: syntax error, unexpected tIDENTIFIER, expecting keyword_end
  #   match 'products/:id' => 'catalog#view'
                                      ^):
  activesupport (3.2.8) lib/active_support/dependencies.rb:245:in `load'
  activesupport (3.2.8) lib/active_support/dependencies.rb:245:in `block in load'
  activesupport (3.2.8) lib/active_support/dependencies.rb:236:in `load_dependency'
  activesupport (3.2.8) lib/active_support/dependencies.rb:245:in `load'
  railties (3.2.8) lib/rails/application/routes_reloader.rb:40:in `block in load_paths'
  railties (3.2.8) lib/rails/application/routes_reloader.rb:40:in `each'
  railties (3.2.8) lib/rails/application/routes_reloader.rb:40:in `load_paths'
  railties (3.2.8) lib/rails/application/routes_reloader.rb:16:in `reload!'
  railties (3.2.8) lib/rails/application/routes_reloader.rb:26:in `block in updater'
  activesupport (3.2.8) lib/active_support/file_update_checker.rb:78:in `call'
  activesupport (3.2.8) lib/active_support/file_update_checker.rb:78:in `execute'
  activesupport (3.2.8) lib/active_support/file_update_checker.rb:86:in `execute_if_updated'
  railties (3.2.8) lib/rails/application/routes_reloader.rb:7:in `execute_if_updated'
  railties (3.2.8) lib/rails/application/finisher.rb:68:in `block (2 levels) in <module:Finisher>'
  activesupport (3.2.8) lib/active_support/callbacks.rb:429:in `_run__4273242470171397272__prepare__1092357497633983942__callbacks'
  activesupport (3.2.8) lib/active_support/callbacks.rb:405:in `__run_callback'
  activesupport (3.2.8) lib/active_support/callbacks.rb:385:in `_run_prepare_callbacks'
  activesupport (3.2.8) lib/active_support/callbacks.rb:81:in `run_callbacks'
  actionpack (3.2.8) lib/action_dispatch/middleware/reloader.rb:74:in `prepare!'
  actionpack (3.2.8) lib/action_dispatch/middleware/reloader.rb:64:in `call'
  actionpack (3.2.8) lib/action_dispatch/middleware/remote_ip.rb:31:in `call'
  actionpack (3.2.8) lib/action_dispatch/middleware/debug_exceptions.rb:16:in `call'
  actionpack (3.2.8) lib/action_dispatch/middleware/show_exceptions.rb:56:in `call'
  railties (3.2.8) lib/rails/rack/logger.rb:26:in `call_app'
  railties (3.2.8) lib/rails/rack/logger.rb:16:in `call'
  actionpack (3.2.8) lib/action_dispatch/middleware/request_id.rb:22:in `call'
  rack (1.4.1) lib/rack/methodoverride.rb:21:in `call'
  rack (1.4.1) lib/rack/runtime.rb:17:in `call'
  activesupport (3.2.8) lib/active_support/cache/strategy/local_cache.rb:72:in `call'
  rack (1.4.1) lib/rack/lock.rb:15:in `call'
  actionpack (3.2.8) lib/action_dispatch/middleware/static.rb:62:in `call'
  railties (3.2.8) lib/rails/engine.rb:479:in `call'
  railties (3.2.8) lib/rails/application.rb:223:in `call'
  rack (1.4.1) lib/rack/content_length.rb:14:in `call'
  railties (3.2.8) lib/rails/rack/log_tailer.rb:17:in `call'
  rack (1.4.1) lib/rack/handler/webrick.rb:59:in `service'
  /home/coder/.rvm/rubies/ruby-1.9.3-p194/lib/ruby/1.9.1/webrick/httpserver.rb:138:in `service'
  /home/coder/.rvm/rubies/ruby-1.9.3-p194/lib/ruby/1.9.1/webrick/httpserver.rb:94:in `run'
  /home/coder/.rvm/rubies/ruby-1.9.3-p194/lib/ruby/1.9.1/webrick/server.rb:191:in `block in start_thread'


  Rendered /home/coder/.rvm/gems/ruby-1.9.3-p194@marta/gems/actionpack-3.2.8/lib/action_dispatch/middleware/templates/rescues/_trace.erb (1.4ms)
  Rendered /home/coder/.rvm/gems/ruby-1.9.3-p194@marta/gems/actionpack-3.2.8/lib/action_dispatch/middleware/templates/rescues/_request_and_response.erb (0.7ms)
  Rendered /home/coder/.rvm/gems/ruby-1.9.3-p194@marta/gems/actionpack-3.2.8/lib/action_dispatch/middleware/templates/rescues/diagnostics.erb within rescues/layout (7.7ms)


Started GET "/home/index" for 127.0.0.1 at 2012-09-05 17:41:50 +0300
Processing by HomeController#index as HTML
  Rendered text template (0.0ms)
Completed 200 OK in 19ms (Views: 18.6ms | ActiveRecord: 0.0ms)


Started GET "/home/index" for 127.0.0.1 at 2012-09-05 17:43:04 +0300
Processing by HomeController#index as HTML
  Rendered text template (0.0ms)
Completed 200 OK in 1ms (Views: 0.5ms | ActiveRecord: 0.0ms)


Started GET "/home/index" for 127.0.0.1 at 2012-09-05 17:43:06 +0300
Processing by HomeController#index as HTML
  Rendered text template (0.0ms)
Completed 200 OK in 0ms (Views: 0.3ms | ActiveRecord: 0.0ms)


Started GET "/home/index" for 127.0.0.1 at 2012-09-05 17:43:06 +0300
Processing by HomeController#index as HTML
  Rendered text template (0.0ms)
Completed 200 OK in 0ms (Views: 0.2ms | ActiveRecord: 0.0ms)


Started GET "/home" for 127.0.0.1 at 2012-09-05 17:43:09 +0300
Processing by HomeController#index as HTML
  Rendered text template (0.0ms)
Completed 200 OK in 0ms (Views: 0.2ms | ActiveRecord: 0.0ms)


Started GET "/assets/rails.png" for 127.0.0.1 at 2012-09-05 17:43:38 +0300
Served asset /rails.png - 304 Not Modified (0ms)


Started GET "/assets/rails.png" for 127.0.0.1 at 2012-09-05 17:43:51 +0300
Served asset /rails.png - 304 Not Modified (0ms)


Started GET "/assets/rails.png" for 127.0.0.1 at 2012-09-05 17:43:53 +0300
Served asset /rails.png - 304 Not Modified (0ms)


Started GET "/assets/rails.png" for 127.0.0.1 at 2012-09-05 17:43:53 +0300
Served asset /rails.png - 304 Not Modified (0ms)


Started GET "/assets/rails.png" for 127.0.0.1 at 2012-09-05 17:43:54 +0300
Served asset /rails.png - 304 Not Modified (0ms)


Started GET "/assets/rails.png" for 127.0.0.1 at 2012-09-05 17:43:54 +0300
Served asset /rails.png - 304 Not Modified (0ms)


Started GET "/assets/rails.png" for 127.0.0.1 at 2012-09-05 17:43:54 +0300
Served asset /rails.png - 304 Not Modified (0ms)


Started GET "/assets/rails.png" for 127.0.0.1 at 2012-09-05 17:43:54 +0300
Served asset /rails.png - 304 Not Modified (0ms)


Started GET "/assets/rails.png" for 127.0.0.1 at 2012-09-05 17:43:54 +0300
Served asset /rails.png - 304 Not Modified (0ms)


Started GET "/assets/rails.png" for 127.0.0.1 at 2012-09-05 17:43:54 +0300
Served asset /rails.png - 304 Not Modified (0ms)


Started GET "/assets/rails.png" for 127.0.0.1 at 2012-09-05 17:43:55 +0300
Served asset /rails.png - 304 Not Modified (0ms)


Started GET "/assets/rails.png" for 127.0.0.1 at 2012-09-05 17:43:55 +0300
Served asset /rails.png - 304 Not Modified (0ms)


Started GET "/assets/rails.png" for 127.0.0.1 at 2012-09-05 17:43:55 +0300
Served asset /rails.png - 304 Not Modified (0ms)


Started GET "/assets/rails.png" for 127.0.0.1 at 2012-09-05 17:43:55 +0300
Served asset /rails.png - 304 Not Modified (0ms)


Started GET "/assets/rails.png" for 127.0.0.1 at 2012-09-05 17:43:55 +0300
Served asset /rails.png - 304 Not Modified (0ms)


Started GET "/assets/rails.png" for 127.0.0.1 at 2012-09-05 17:44:16 +0300
Connecting to database specified by database.yml
Served asset /rails.png - 304 Not Modified (1ms)


Started GET "/assets/rails.png" for 127.0.0.1 at 2012-09-05 17:44:18 +0300
Served asset /rails.png - 304 Not Modified (0ms)


Started GET "/" for 127.0.0.1 at 2012-09-05 17:44:42 +0300
Processing by HomeController#index as HTML
  Rendered text template (0.0ms)
Completed 200 OK in 21ms (Views: 20.8ms | ActiveRecord: 0.0ms)


Started GET "/" for 127.0.0.1 at 2012-09-05 17:47:00 +0300
Processing by HomeController#index as HTML
  Rendered text template (0.0ms)
Completed 200 OK in 1ms (Views: 0.5ms | ActiveRecord: 0.0ms)


Started GET "/" for 127.0.0.1 at 2012-09-05 17:47:02 +0300
Processing by HomeController#index as HTML
  Rendered text template (0.0ms)
Completed 200 OK in 1ms (Views: 0.5ms | ActiveRecord: 0.0ms)


Started GET "/" for 127.0.0.1 at 2012-09-05 17:47:03 +0300
Processing by HomeController#index as HTML
  Rendered text template (0.0ms)
Completed 200 OK in 0ms (Views: 0.3ms | ActiveRecord: 0.0ms)


Started GET "/" for 127.0.0.1 at 2012-09-05 17:47:03 +0300
Processing by HomeController#index as HTML
  Rendered text template (0.0ms)
Completed 200 OK in 0ms (Views: 0.2ms | ActiveRecord: 0.0ms)


Started GET "/" for 127.0.0.1 at 2012-09-05 17:47:04 +0300
Processing by HomeController#index as HTML
  Rendered text template (0.0ms)
Completed 200 OK in 0ms (Views: 0.2ms | ActiveRecord: 0.0ms)


Started GET "/" for 127.0.0.1 at 2012-09-05 17:47:04 +0300
Processing by HomeController#index as HTML
  Rendered text template (0.0ms)
Completed 200 OK in 0ms (Views: 0.3ms | ActiveRecord: 0.0ms)


Started GET "/" for 127.0.0.1 at 2012-09-05 17:47:04 +0300
Processing by HomeController#index as HTML
  Rendered text template (0.0ms)
Completed 200 OK in 0ms (Views: 0.2ms | ActiveRecord: 0.0ms)


Started GET "/" for 127.0.0.1 at 2012-09-05 17:47:04 +0300
Processing by HomeController#index as HTML
  Rendered text template (0.0ms)
Completed 200 OK in 0ms (Views: 0.2ms | ActiveRecord: 0.0ms)


Started GET "/" for 127.0.0.1 at 2012-09-05 17:47:04 +0300
Processing by HomeController#index as HTML
  Rendered text template (0.0ms)
Completed 200 OK in 0ms (Views: 0.3ms | ActiveRecord: 0.0ms)


Started GET "/" for 127.0.0.1 at 2012-09-05 17:47:04 +0300
Processing by HomeController#index as HTML
  Rendered text template (0.0ms)
Completed 200 OK in 0ms (Views: 0.2ms | ActiveRecord: 0.0ms)


Started GET "/" for 127.0.0.1 at 2012-09-05 17:47:05 +0300
Processing by HomeController#index as HTML
  Rendered text template (0.0ms)
Completed 200 OK in 0ms (Views: 0.3ms | ActiveRecord: 0.0ms)


Started GET "/" for 127.0.0.1 at 2012-09-05 17:47:05 +0300
Processing by HomeController#index as HTML
  Rendered text template (0.0ms)
Completed 200 OK in 0ms (Views: 0.2ms | ActiveRecord: 0.0ms)


Started GET "/" for 127.0.0.1 at 2012-09-05 17:47:05 +0300
Processing by HomeController#index as HTML
  Rendered text template (0.0ms)
Completed 200 OK in 0ms (Views: 0.2ms | ActiveRecord: 0.0ms)


Started GET "/" for 127.0.0.1 at 2012-09-05 17:47:05 +0300
Processing by HomeController#index as HTML
  Rendered text template (0.0ms)
Completed 200 OK in 0ms (Views: 0.2ms | ActiveRecord: 0.0ms)


Started GET "/" for 127.0.0.1 at 2012-09-05 17:47:05 +0300
Processing by HomeController#index as HTML
  Rendered text template (0.0ms)
Completed 200 OK in 0ms (Views: 0.3ms | ActiveRecord: 0.0ms)


Started GET "/" for 127.0.0.1 at 2012-09-05 17:47:05 +0300
Processing by HomeController#index as HTML
  Rendered text template (0.0ms)
Completed 200 OK in 0ms (Views: 0.2ms | ActiveRecord: 0.0ms)


Started GET "/" for 127.0.0.1 at 2012-09-05 17:47:06 +0300
Processing by HomeController#index as HTML
  Rendered text template (0.0ms)
Completed 200 OK in 0ms (Views: 0.2ms | ActiveRecord: 0.0ms)


Started GET "/" for 127.0.0.1 at 2012-09-05 17:47:06 +0300
Processing by HomeController#index as HTML
  Rendered text template (0.0ms)
Completed 200 OK in 1ms (Views: 0.4ms | ActiveRecord: 0.0ms)


Started GET "/" for 127.0.0.1 at 2012-09-05 17:47:06 +0300
Processing by HomeController#index as HTML
  Rendered text template (0.0ms)
Completed 200 OK in 1ms (Views: 0.4ms | ActiveRecord: 0.0ms)


Started GET "/" for 127.0.0.1 at 2012-09-05 17:47:06 +0300
Processing by HomeController#index as HTML
  Rendered text template (0.0ms)
Completed 200 OK in 0ms (Views: 0.2ms | ActiveRecord: 0.0ms)


Started GET "/" for 127.0.0.1 at 2012-09-05 17:47:06 +0300
Processing by HomeController#index as HTML
  Rendered text template (0.0ms)
Completed 200 OK in 1ms (Views: 0.4ms | ActiveRecord: 0.0ms)


Started GET "/" for 127.0.0.1 at 2012-09-05 17:47:06 +0300
Processing by HomeController#index as HTML
  Rendered text template (0.0ms)
Completed 200 OK in 0ms (Views: 0.3ms | ActiveRecord: 0.0ms)


Started GET "/" for 127.0.0.1 at 2012-09-05 17:47:06 +0300
Processing by HomeController#index as HTML
  Rendered text template (0.0ms)
Completed 200 OK in 1ms (Views: 0.6ms | ActiveRecord: 0.0ms)


Started GET "/" for 127.0.0.1 at 2012-09-05 17:47:07 +0300
Processing by HomeController#index as HTML
  Rendered text template (0.0ms)
Completed 200 OK in 0ms (Views: 0.3ms | ActiveRecord: 0.0ms)


Started GET "/" for 127.0.0.1 at 2012-09-05 17:47:07 +0300
Processing by HomeController#index as HTML
  Rendered text template (0.0ms)
Completed 200 OK in 0ms (Views: 0.3ms | ActiveRecord: 0.0ms)


Started GET "/" for 127.0.0.1 at 2012-09-05 17:47:07 +0300
Processing by HomeController#index as HTML
  Rendered text template (0.0ms)
Completed 200 OK in 0ms (Views: 0.3ms | ActiveRecord: 0.0ms)


Started GET "/" for 127.0.0.1 at 2012-09-05 17:47:07 +0300
Processing by HomeController#index as HTML
  Rendered text template (0.0ms)
Completed 200 OK in 0ms (Views: 0.2ms | ActiveRecord: 0.0ms)


Started GET "/" for 127.0.0.1 at 2012-09-05 17:47:07 +0300
Processing by HomeController#index as HTML
  Rendered text template (0.0ms)
Completed 200 OK in 0ms (Views: 0.2ms | ActiveRecord: 0.0ms)


Started GET "/" for 127.0.0.1 at 2012-09-05 17:47:08 +0300
Processing by HomeController#index as HTML
  Rendered text template (0.0ms)
Completed 200 OK in 1ms (Views: 0.4ms | ActiveRecord: 0.0ms)


Started GET "/" for 127.0.0.1 at 2012-09-05 17:47:08 +0300
Processing by HomeController#index as HTML
  Rendered text template (0.0ms)
Completed 200 OK in 0ms (Views: 0.2ms | ActiveRecord: 0.0ms)


Started GET "/" for 127.0.0.1 at 2012-09-05 17:47:08 +0300
Processing by HomeController#index as HTML
  Rendered text template (0.0ms)
Completed 200 OK in 0ms (Views: 0.3ms | ActiveRecord: 0.0ms)


Started GET "/" for 127.0.0.1 at 2012-09-05 17:47:08 +0300
Processing by HomeController#index as HTML
  Rendered text template (0.0ms)
Completed 200 OK in 0ms (Views: 0.2ms | ActiveRecord: 0.0ms)


Started GET "/" for 127.0.0.1 at 2012-09-05 17:47:09 +0300
Processing by HomeController#index as HTML
  Rendered text template (0.0ms)
Completed 200 OK in 1ms (Views: 0.4ms | ActiveRecord: 0.0ms)


Started GET "/" for 127.0.0.1 at 2012-09-05 17:47:09 +0300
Processing by HomeController#index as HTML
  Rendered text template (0.0ms)
Completed 200 OK in 0ms (Views: 0.3ms | ActiveRecord: 0.0ms)


Started GET "/" for 127.0.0.1 at 2012-09-19 16:13:44 +0300
Connecting to database specified by database.yml
Processing by HomeController#index as HTML
  Rendered text template (0.0ms)
Completed 200 OK in 38ms (Views: 38.1ms | ActiveRecord: 0.0ms)


Started GET "/" for 127.0.0.1 at 2012-09-19 16:15:13 +0300
Processing by HomeController#index as HTML
  Rendered text template (0.0ms)
Completed 200 OK in 2ms (Views: 1.1ms | ActiveRecord: 0.0ms)


Started GET "/" for 127.0.0.1 at 2012-09-19 16:15:13 +0300
Processing by HomeController#index as HTML
  Rendered text template (0.0ms)
Completed 200 OK in 1ms (Views: 0.7ms | ActiveRecord: 0.0ms)


Started GET "/" for 127.0.0.1 at 2012-09-19 16:15:15 +0300
Processing by HomeController#index as HTML
  Rendered text template (0.0ms)
Completed 200 OK in 0ms (Views: 0.3ms | ActiveRecord: 0.0ms)


Started GET "/" for 127.0.0.1 at 2012-09-19 16:15:16 +0300
Processing by HomeController#index as HTML
  Rendered text template (0.0ms)
Completed 200 OK in 1ms (Views: 0.6ms | ActiveRecord: 0.0ms)


Started GET "/" for 127.0.0.1 at 2012-09-19 16:15:16 +0300
Processing by HomeController#index as HTML
  Rendered text template (0.0ms)
Completed 200 OK in 0ms (Views: 0.2ms | ActiveRecord: 0.0ms)


Started GET "/" for 127.0.0.1 at 2012-09-19 16:15:16 +0300
Processing by HomeController#index as HTML
  Rendered text template (0.0ms)
Completed 200 OK in 0ms (Views: 0.3ms | ActiveRecord: 0.0ms)


Started GET "/" for 127.0.0.1 at 2012-09-19 16:15:17 +0300
Processing by HomeController#index as HTML
  Rendered text template (0.0ms)
Completed 200 OK in 1ms (Views: 0.7ms | ActiveRecord: 0.0ms)


Started GET "/" for 127.0.0.1 at 2012-09-19 17:36:00 +0300
Connecting to database specified by database.yml
Processing by HomeController#index as HTML
  Rendered home/index.html.erb within layouts/application (38.0ms)
Compiled application.css  (2ms)  (pid 21012)
Compiled jquery.js  (3ms)  (pid 21012)
Compiled jquery_ujs.js  (0ms)  (pid 21012)
Compiled application.js  (59ms)  (pid 21012)
Completed 200 OK in 178ms (Views: 177.5ms | ActiveRecord: 0.0ms)


Started GET "/assets/application.css?body=1" for 127.0.0.1 at 2012-09-19 17:36:01 +0300
Served asset /application.css - 200 OK (5ms)


Started GET "/assets/jquery.js?body=1" for 127.0.0.1 at 2012-09-19 17:36:01 +0300
Served asset /jquery.js - 200 OK (16ms)


Started GET "/assets/jquery_ujs.js?body=1" for 127.0.0.1 at 2012-09-19 17:36:01 +0300
Served asset /jquery_ujs.js - 200 OK (5ms)


Started GET "/assets/application.js?body=1" for 127.0.0.1 at 2012-09-19 17:36:01 +0300
Served asset /application.js - 200 OK (8ms)


Started GET "/" for 127.0.0.1 at 2012-09-19 17:36:02 +0300
Processing by HomeController#index as HTML
  Rendered home/index.html.erb within layouts/application (0.1ms)
Completed 200 OK in 7ms (Views: 7.2ms | ActiveRecord: 0.0ms)


Started GET "/assets/application.css?body=1" for 127.0.0.1 at 2012-09-19 17:36:03 +0300
Served asset /application.css - 304 Not Modified (0ms)


Started GET "/assets/jquery.js?body=1" for 127.0.0.1 at 2012-09-19 17:36:03 +0300
Served asset /jquery.js - 304 Not Modified (8ms)


Started GET "/assets/jquery_ujs.js?body=1" for 127.0.0.1 at 2012-09-19 17:36:03 +0300
Served asset /jquery_ujs.js - 304 Not Modified (0ms)


Started GET "/assets/application.js?body=1" for 127.0.0.1 at 2012-09-19 17:36:03 +0300
Served asset /application.js - 304 Not Modified (4ms)


Started GET "/" for 127.0.0.1 at 2012-09-19 17:36:03 +0300
Processing by HomeController#index as HTML
  Rendered home/index.html.erb within layouts/application (0.0ms)
Completed 200 OK in 3ms (Views: 2.4ms | ActiveRecord: 0.0ms)


Started GET "/assets/application.css?body=1" for 127.0.0.1 at 2012-09-19 17:36:03 +0300
Served asset /application.css - 304 Not Modified (1ms)


Started GET "/assets/jquery.js?body=1" for 127.0.0.1 at 2012-09-19 17:36:03 +0300
Served asset /jquery.js - 304 Not Modified (5ms)


Started GET "/assets/jquery_ujs.js?body=1" for 127.0.0.1 at 2012-09-19 17:36:03 +0300
Served asset /jquery_ujs.js - 304 Not Modified (0ms)


Started GET "/assets/application.js?body=1" for 127.0.0.1 at 2012-09-19 17:36:03 +0300
Served asset /application.js - 304 Not Modified (3ms)


Started GET "/" for 127.0.0.1 at 2012-09-19 17:36:04 +0300
Processing by HomeController#index as HTML
  Rendered home/index.html.erb within layouts/application (0.0ms)
Completed 200 OK in 7ms (Views: 6.7ms | ActiveRecord: 0.0ms)


Started GET "/assets/application.css?body=1" for 127.0.0.1 at 2012-09-19 17:36:04 +0300
Served asset /application.css - 304 Not Modified (0ms)


Started GET "/assets/jquery_ujs.js?body=1" for 127.0.0.1 at 2012-09-19 17:36:04 +0300
Served asset /jquery_ujs.js - 304 Not Modified (0ms)


Started GET "/assets/application.js?body=1" for 127.0.0.1 at 2012-09-19 17:36:04 +0300
Served asset /application.js - 304 Not Modified (3ms)


Started GET "/assets/jquery.js?body=1" for 127.0.0.1 at 2012-09-19 17:36:04 +0300
Served asset /jquery.js - 304 Not Modified (2ms)


Started GET "/" for 127.0.0.1 at 2012-09-19 17:36:47 +0300
Processing by HomeController#index as HTML
  Rendered home/index.html.erb within layouts/application (1.1ms)
Completed 200 OK in 9ms (Views: 9.0ms | ActiveRecord: 0.0ms)


Started GET "/assets/application.css?body=1" for 127.0.0.1 at 2012-09-19 17:36:47 +0300
Served asset /application.css - 304 Not Modified (0ms)


Started GET "/assets/jquery.js?body=1" for 127.0.0.1 at 2012-09-19 17:36:48 +0300
Served asset /jquery.js - 304 Not Modified (2ms)


Started GET "/assets/application.js?body=1" for 127.0.0.1 at 2012-09-19 17:36:48 +0300
Served asset /application.js - 304 Not Modified (3ms)


Started GET "/assets/jquery_ujs.js?body=1" for 127.0.0.1 at 2012-09-19 17:36:48 +0300
Served asset /jquery_ujs.js - 304 Not Modified (0ms)


Started GET "/" for 127.0.0.1 at 2012-09-19 17:37:11 +0300
Processing by HomeController#index as HTML
  Rendered home/index.html.erb within layouts/application (0.6ms)
Completed 200 OK in 25ms (Views: 25.1ms | ActiveRecord: 0.0ms)


Started GET "/assets/application.css?body=1" for 127.0.0.1 at 2012-09-19 17:37:11 +0300
Served asset /application.css - 304 Not Modified (0ms)


Started GET "/assets/jquery.js?body=1" for 127.0.0.1 at 2012-09-19 17:37:11 +0300
Served asset /jquery.js - 304 Not Modified (6ms)


Started GET "/assets/application.js?body=1" for 127.0.0.1 at 2012-09-19 17:37:11 +0300
Served asset /application.js - 304 Not Modified (4ms)


Started GET "/assets/jquery_ujs.js?body=1" for 127.0.0.1 at 2012-09-19 17:37:11 +0300
Served asset /jquery_ujs.js - 304 Not Modified (0ms)


Started GET "/" for 127.0.0.1 at 2012-09-19 17:37:37 +0300
Processing by HomeController#index as HTML
  Rendered home/index.html.erb within layouts/application (0.4ms)
Completed 200 OK in 3ms (Views: 3.0ms | ActiveRecord: 0.0ms)


Started GET "/assets/application.css?body=1" for 127.0.0.1 at 2012-09-19 17:37:37 +0300
Served asset /application.css - 304 Not Modified (0ms)


Started GET "/assets/jquery_ujs.js?body=1" for 127.0.0.1 at 2012-09-19 17:37:37 +0300
Served asset /jquery_ujs.js - 304 Not Modified (0ms)


Started GET "/assets/application.js?body=1" for 127.0.0.1 at 2012-09-19 17:37:37 +0300
Served asset /application.js - 304 Not Modified (3ms)


Started GET "/assets/jquery.js?body=1" for 127.0.0.1 at 2012-09-19 17:37:37 +0300
Served asset /jquery.js - 304 Not Modified (2ms)


Started GET "/" for 127.0.0.1 at 2012-09-19 17:37:38 +0300
Processing by HomeController#index as HTML
  Rendered home/index.html.erb within layouts/application (0.0ms)
Completed 200 OK in 3ms (Views: 2.6ms | ActiveRecord: 0.0ms)


Started GET "/assets/application.css?body=1" for 127.0.0.1 at 2012-09-19 17:37:38 +0300
Served asset /application.css - 304 Not Modified (0ms)


Started GET "/assets/jquery.js?body=1" for 127.0.0.1 at 2012-09-19 17:37:38 +0300
Served asset /jquery.js - 304 Not Modified (2ms)


Started GET "/assets/application.js?body=1" for 127.0.0.1 at 2012-09-19 17:37:38 +0300
Served asset /application.js - 304 Not Modified (3ms)


Started GET "/assets/jquery_ujs.js?body=1" for 127.0.0.1 at 2012-09-19 17:37:38 +0300
Served asset /jquery_ujs.js - 304 Not Modified (0ms)


Started GET "/" for 127.0.0.1 at 2012-09-19 17:37:39 +0300
Processing by HomeController#index as HTML
  Rendered home/index.html.erb within layouts/application (0.0ms)
Completed 200 OK in 4ms (Views: 3.8ms | ActiveRecord: 0.0ms)


Started GET "/assets/application.css?body=1" for 127.0.0.1 at 2012-09-19 17:37:39 +0300
Served asset /application.css - 304 Not Modified (0ms)


Started GET "/assets/jquery_ujs.js?body=1" for 127.0.0.1 at 2012-09-19 17:37:39 +0300
Served asset /jquery_ujs.js - 304 Not Modified (0ms)


Started GET "/assets/application.js?body=1" for 127.0.0.1 at 2012-09-19 17:37:39 +0300
Served asset /application.js - 304 Not Modified (0ms)


Started GET "/assets/jquery.js?body=1" for 127.0.0.1 at 2012-09-19 17:37:39 +0300
Served asset /jquery.js - 304 Not Modified (0ms)


Started GET "/" for 127.0.0.1 at 2012-09-19 17:37:39 +0300
Processing by HomeController#index as HTML
  Rendered home/index.html.erb within layouts/application (0.1ms)
Completed 200 OK in 5ms (Views: 5.0ms | ActiveRecord: 0.0ms)


Started GET "/assets/application.css?body=1" for 127.0.0.1 at 2012-09-19 17:37:39 +0300
Served asset /application.css - 304 Not Modified (0ms)


Started GET "/assets/jquery.js?body=1" for 127.0.0.1 at 2012-09-19 17:37:39 +0300
Served asset /jquery.js - 304 Not Modified (8ms)


Started GET "/assets/application.js?body=1" for 127.0.0.1 at 2012-09-19 17:37:39 +0300
Served asset /application.js - 304 Not Modified (3ms)


Started GET "/assets/jquery_ujs.js?body=1" for 127.0.0.1 at 2012-09-19 17:37:39 +0300
Served asset /jquery_ujs.js - 304 Not Modified (0ms)


Started GET "/" for 127.0.0.1 at 2012-09-19 17:37:39 +0300
Processing by HomeController#index as HTML
  Rendered home/index.html.erb within layouts/application (0.0ms)
Completed 200 OK in 4ms (Views: 3.9ms | ActiveRecord: 0.0ms)


Started GET "/assets/application.css?body=1" for 127.0.0.1 at 2012-09-19 17:37:39 +0300
Served asset /application.css - 304 Not Modified (0ms)


Started GET "/assets/jquery_ujs.js?body=1" for 127.0.0.1 at 2012-09-19 17:37:39 +0300
Served asset /jquery_ujs.js - 304 Not Modified (0ms)


Started GET "/assets/application.js?body=1" for 127.0.0.1 at 2012-09-19 17:37:39 +0300
Served asset /application.js - 304 Not Modified (1ms)


Started GET "/assets/jquery.js?body=1" for 127.0.0.1 at 2012-09-19 17:37:39 +0300
Served asset /jquery.js - 304 Not Modified (0ms)


Started GET "/" for 127.0.0.1 at 2012-09-19 17:37:39 +0300
Processing by HomeController#index as HTML
  Rendered home/index.html.erb within layouts/application (0.0ms)
Completed 200 OK in 3ms (Views: 2.9ms | ActiveRecord: 0.0ms)


Started GET "/assets/application.css?body=1" for 127.0.0.1 at 2012-09-19 17:37:39 +0300
Served asset /application.css - 304 Not Modified (0ms)


Started GET "/assets/jquery_ujs.js?body=1" for 127.0.0.1 at 2012-09-19 17:37:39 +0300
Served asset /jquery_ujs.js - 304 Not Modified (0ms)


Started GET "/assets/application.js?body=1" for 127.0.0.1 at 2012-09-19 17:37:39 +0300
Served asset /application.js - 304 Not Modified (2ms)


Started GET "/assets/jquery.js?body=1" for 127.0.0.1 at 2012-09-19 17:37:39 +0300
Served asset /jquery.js - 304 Not Modified (0ms)


Started GET "/" for 127.0.0.1 at 2012-09-19 17:37:39 +0300
Processing by HomeController#index as HTML
  Rendered home/index.html.erb within layouts/application (0.1ms)
Completed 200 OK in 3ms (Views: 3.1ms | ActiveRecord: 0.0ms)


Started GET "/assets/application.css?body=1" for 127.0.0.1 at 2012-09-19 17:37:39 +0300
Served asset /application.css - 304 Not Modified (0ms)


Started GET "/assets/jquery.js?body=1" for 127.0.0.1 at 2012-09-19 17:37:39 +0300
Served asset /jquery.js - 304 Not Modified (2ms)


Started GET "/assets/application.js?body=1" for 127.0.0.1 at 2012-09-19 17:37:39 +0300
Served asset /application.js - 304 Not Modified (1ms)


Started GET "/assets/jquery_ujs.js?body=1" for 127.0.0.1 at 2012-09-19 17:37:39 +0300
Served asset /jquery_ujs.js - 304 Not Modified (0ms)


Started GET "/" for 127.0.0.1 at 2012-09-19 17:42:31 +0300
Processing by HomeController#index as HTML
  Rendered home/index.html.erb within layouts/application (0.0ms)
Completed 200 OK in 21ms (Views: 19.5ms | ActiveRecord: 0.0ms)


Started GET "/assets/application.css?body=1" for 127.0.0.1 at 2012-09-19 17:42:31 +0300
Served asset /application.css - 304 Not Modified (0ms)


Started GET "/assets/jquery.js?body=1" for 127.0.0.1 at 2012-09-19 17:42:31 +0300
Served asset /jquery.js - 304 Not Modified (0ms)


Started GET "/assets/jquery_ujs.js?body=1" for 127.0.0.1 at 2012-09-19 17:42:31 +0300
Served asset /jquery_ujs.js - 304 Not Modified (0ms)


Started GET "/assets/application.js?body=1" for 127.0.0.1 at 2012-09-19 17:42:31 +0300
Served asset /application.js - 304 Not Modified (1ms)


Started GET "/" for 127.0.0.1 at 2012-09-19 17:42:32 +0300
Processing by HomeController#index as HTML
  Rendered home/index.html.erb within layouts/application (0.2ms)
Completed 200 OK in 9ms (Views: 8.3ms | ActiveRecord: 0.0ms)


Started GET "/assets/application.css?body=1" for 127.0.0.1 at 2012-09-19 17:42:32 +0300
Served asset /application.css - 304 Not Modified (0ms)


Started GET "/assets/jquery_ujs.js?body=1" for 127.0.0.1 at 2012-09-19 17:42:32 +0300
Served asset /jquery_ujs.js - 304 Not Modified (0ms)


Started GET "/assets/jquery.js?body=1" for 127.0.0.1 at 2012-09-19 17:42:32 +0300
Served asset /jquery.js - 304 Not Modified (0ms)


Started GET "/assets/application.js?body=1" for 127.0.0.1 at 2012-09-19 17:42:32 +0300
Served asset /application.js - 304 Not Modified (1ms)


Started GET "/" for 127.0.0.1 at 2012-09-19 17:42:33 +0300
Processing by HomeController#index as HTML
  Rendered home/index.html.erb within layouts/application (0.1ms)
Completed 200 OK in 6ms (Views: 5.6ms | ActiveRecord: 0.0ms)


Started GET "/assets/application.css?body=1" for 127.0.0.1 at 2012-09-19 17:42:33 +0300
Served asset /application.css - 304 Not Modified (0ms)


Started GET "/assets/jquery.js?body=1" for 127.0.0.1 at 2012-09-19 17:42:33 +0300
Served asset /jquery.js - 304 Not Modified (1ms)


Started GET "/assets/jquery_ujs.js?body=1" for 127.0.0.1 at 2012-09-19 17:42:33 +0300
Served asset /jquery_ujs.js - 304 Not Modified (0ms)


Started GET "/assets/application.js?body=1" for 127.0.0.1 at 2012-09-19 17:42:33 +0300
Served asset /application.js - 304 Not Modified (3ms)


Started GET "/" for 127.0.0.1 at 2012-09-19 17:42:33 +0300
Processing by HomeController#index as HTML
  Rendered home/index.html.erb within layouts/application (0.0ms)
Completed 200 OK in 7ms (Views: 6.9ms | ActiveRecord: 0.0ms)


Started GET "/assets/application.css?body=1" for 127.0.0.1 at 2012-09-19 17:42:33 +0300
Served asset /application.css - 304 Not Modified (1ms)


Started GET "/assets/jquery.js?body=1" for 127.0.0.1 at 2012-09-19 17:42:33 +0300
Served asset /jquery.js - 304 Not Modified (10ms)


Started GET "/assets/application.js?body=1" for 127.0.0.1 at 2012-09-19 17:42:33 +0300
Served asset /application.js - 304 Not Modified (3ms)


Started GET "/assets/jquery_ujs.js?body=1" for 127.0.0.1 at 2012-09-19 17:42:33 +0300
Served asset /jquery_ujs.js - 304 Not Modified (1ms)


Started GET "/" for 127.0.0.1 at 2012-09-19 17:42:33 +0300
Processing by HomeController#index as HTML
  Rendered home/index.html.erb within layouts/application (0.0ms)
Completed 200 OK in 3ms (Views: 2.8ms | ActiveRecord: 0.0ms)


Started GET "/assets/application.css?body=1" for 127.0.0.1 at 2012-09-19 17:42:33 +0300
Served asset /application.css - 304 Not Modified (0ms)


Started GET "/assets/jquery.js?body=1" for 127.0.0.1 at 2012-09-19 17:42:33 +0300
Served asset /jquery.js - 304 Not Modified (3ms)


Started GET "/assets/jquery_ujs.js?body=1" for 127.0.0.1 at 2012-09-19 17:42:33 +0300
Served asset /jquery_ujs.js - 304 Not Modified (0ms)


Started GET "/assets/application.js?body=1" for 127.0.0.1 at 2012-09-19 17:42:33 +0300
Served asset /application.js - 304 Not Modified (1ms)


Started GET "/" for 127.0.0.1 at 2012-09-19 17:42:33 +0300
Processing by HomeController#index as HTML
  Rendered home/index.html.erb within layouts/application (0.0ms)
Completed 200 OK in 3ms (Views: 2.9ms | ActiveRecord: 0.0ms)


Started GET "/assets/application.css?body=1" for 127.0.0.1 at 2012-09-19 17:42:33 +0300
Served asset /application.css - 304 Not Modified (0ms)


Started GET "/assets/jquery_ujs.js?body=1" for 127.0.0.1 at 2012-09-19 17:42:33 +0300
Served asset /jquery_ujs.js - 304 Not Modified (0ms)


Started GET "/assets/jquery.js?body=1" for 127.0.0.1 at 2012-09-19 17:42:33 +0300
Served asset /jquery.js - 304 Not Modified (0ms)


Started GET "/assets/application.js?body=1" for 127.0.0.1 at 2012-09-19 17:42:33 +0300
Served asset /application.js - 304 Not Modified (1ms)


Started GET "/" for 127.0.0.1 at 2012-09-19 17:42:34 +0300
Processing by HomeController#index as HTML
  Rendered home/index.html.erb within layouts/application (0.0ms)
Completed 200 OK in 3ms (Views: 3.1ms | ActiveRecord: 0.0ms)


Started GET "/assets/application.css?body=1" for 127.0.0.1 at 2012-09-19 17:42:34 +0300
Served asset /application.css - 304 Not Modified (0ms)


Started GET "/assets/jquery_ujs.js?body=1" for 127.0.0.1 at 2012-09-19 17:42:34 +0300
Served asset /jquery_ujs.js - 304 Not Modified (0ms)


Started GET "/assets/application.js?body=1" for 127.0.0.1 at 2012-09-19 17:42:34 +0300
Served asset /application.js - 304 Not Modified (1ms)


Started GET "/assets/jquery.js?body=1" for 127.0.0.1 at 2012-09-19 17:42:34 +0300
Served asset /jquery.js - 304 Not Modified (0ms)


Started GET "/" for 127.0.0.1 at 2012-09-19 17:42:34 +0300
Processing by HomeController#index as HTML
  Rendered home/index.html.erb within layouts/application (0.0ms)
Completed 200 OK in 3ms (Views: 2.8ms | ActiveRecord: 0.0ms)


Started GET "/assets/application.css?body=1" for 127.0.0.1 at 2012-09-19 17:42:34 +0300
Served asset /application.css - 304 Not Modified (4ms)


Started GET "/assets/application.js?body=1" for 127.0.0.1 at 2012-09-19 17:42:34 +0300
Served asset /application.js - 304 Not Modified (1ms)


Started GET "/assets/jquery_ujs.js?body=1" for 127.0.0.1 at 2012-09-19 17:42:34 +0300
Served asset /jquery_ujs.js - 304 Not Modified (0ms)


Started GET "/assets/jquery.js?body=1" for 127.0.0.1 at 2012-09-19 17:42:34 +0300
Served asset /jquery.js - 304 Not Modified (0ms)


Started GET "/" for 127.0.0.1 at 2012-09-19 17:42:34 +0300
Processing by HomeController#index as HTML
  Rendered home/index.html.erb within layouts/application (0.1ms)
Completed 200 OK in 3ms (Views: 2.9ms | ActiveRecord: 0.0ms)


Started GET "/assets/application.css?body=1" for 127.0.0.1 at 2012-09-19 17:42:34 +0300
Served asset /application.css - 304 Not Modified (2ms)


Started GET "/assets/jquery.js?body=1" for 127.0.0.1 at 2012-09-19 17:42:34 +0300
Served asset /jquery.js - 304 Not Modified (1ms)


Started GET "/assets/jquery_ujs.js?body=1" for 127.0.0.1 at 2012-09-19 17:42:34 +0300
Served asset /jquery_ujs.js - 304 Not Modified (0ms)


Started GET "/assets/application.js?body=1" for 127.0.0.1 at 2012-09-19 17:42:34 +0300
Served asset /application.js - 304 Not Modified (1ms)
Connecting to database specified by database.yml
Connecting to database specified by database.yml
Connecting to database specified by database.yml
Connecting to database specified by database.yml
  [1m[36m (0.1ms)[0m  [1mselect sqlite_version(*)[0m
  [1m[35m (175.1ms)[0m  CREATE TABLE "schema_migrations" ("version" varchar(255) NOT NULL) 
  [1m[36m (0.1ms)[0m  [1mPRAGMA index_list("schema_migrations")[0m
  [1m[35m (110.5ms)[0m  CREATE UNIQUE INDEX "unique_schema_migrations" ON "schema_migrations" ("version")
  [1m[36m (0.2ms)[0m  [1mSELECT "schema_migrations"."version" FROM "schema_migrations" [0m
Connecting to database specified by database.yml
  [1m[36m (0.0ms)[0m  [1mSELECT "schema_migrations"."version" FROM "schema_migrations" [0m
Migrating to CreateHumanNames (20121003140527)
  [1m[35m (0.0ms)[0m  select sqlite_version(*)
  [1m[36m (0.0ms)[0m  [1mbegin transaction[0m
  [1m[35m (0.4ms)[0m  CREATE TABLE "human_names" ("id" INTEGER PRIMARY KEY AUTOINCREMENT NOT NULL, "name" varchar(255), "created_at" datetime NOT NULL, "updated_at" datetime NOT NULL) 
  [1m[36m (0.1ms)[0m  [1mINSERT INTO "schema_migrations" ("version") VALUES ('20121003140527')[0m
  [1m[35m (198.5ms)[0m  commit transaction
  [1m[36m (0.1ms)[0m  [1mselect sqlite_version(*)[0m
  [1m[35m (0.1ms)[0m  SELECT "schema_migrations"."version" FROM "schema_migrations" 
  [1m[36m (0.1ms)[0m  [1mPRAGMA index_list("human_names")[0m


Started GET "/" for 127.0.0.1 at Wed Oct 03 17:16:10 +0300 2012
Connecting to database specified by database.yml
Processing by HomeController#index as HTML
Completed 500 Internal Server Error in 1ms

NameError (uninitialized constant HomeController::HumanNames):
  app/controllers/home_controller.rb:3:in `index'


  Rendered /var/lib/gems/1.8/gems/actionpack-3.2.8/lib/action_dispatch/middleware/templates/rescues/_trace.erb (1.0ms)
  Rendered /var/lib/gems/1.8/gems/actionpack-3.2.8/lib/action_dispatch/middleware/templates/rescues/_request_and_response.erb (0.6ms)
  Rendered /var/lib/gems/1.8/gems/actionpack-3.2.8/lib/action_dispatch/middleware/templates/rescues/diagnostics.erb within rescues/layout (6.9ms)


Started GET "/" for 127.0.0.1 at Wed Oct 03 17:16:35 +0300 2012
Processing by HomeController#index as HTML
Completed 500 Internal Server Error in 1ms

SyntaxError (/home/coder/Desktop/edu/K_2/uzhnu_k2_2012/app/models/human_name.rb:5: syntax error, unexpected '['
  	all.[rand(count)].name
  	     ^
/home/coder/Desktop/edu/K_2/uzhnu_k2_2012/app/models/human_name.rb:5: syntax error, unexpected ']', expecting kEND
  	all.[rand(count)].name
  	                 ^):
  app/controllers/home_controller.rb:3:in `index'


  Rendered /var/lib/gems/1.8/gems/actionpack-3.2.8/lib/action_dispatch/middleware/templates/rescues/_trace.erb (1.0ms)
  Rendered /var/lib/gems/1.8/gems/actionpack-3.2.8/lib/action_dispatch/middleware/templates/rescues/_request_and_response.erb (0.6ms)
  Rendered /var/lib/gems/1.8/gems/actionpack-3.2.8/lib/action_dispatch/middleware/templates/rescues/diagnostics.erb within rescues/layout (5.2ms)


Started GET "/" for 127.0.0.1 at Wed Oct 03 17:16:58 +0300 2012
Processing by HomeController#index as HTML
  [1m[36mHumanName Load (0.1ms)[0m  [1mSELECT "human_names".* FROM "human_names" [0m
  [1m[35m (0.1ms)[0m  SELECT COUNT(*) FROM "human_names" 
  Rendered home/index.html.erb within layouts/application (0.2ms)
Compiled jquery.js  (37ms)  (pid 7081)
Compiled jquery_ujs.js  (0ms)  (pid 7081)
Compiled application.js  (79ms)  (pid 7081)
Completed 200 OK in 126ms (Views: 88.8ms | ActiveRecord: 0.8ms)


Started GET "/assets/application.css?body=1" for 127.0.0.1 at Wed Oct 03 17:16:58 +0300 2012
Served asset /application.css - 304 Not Modified (2ms)


Started GET "/assets/jquery.js?body=1" for 127.0.0.1 at Wed Oct 03 17:16:59 +0300 2012
Served asset /jquery.js - 304 Not Modified (3ms)


Started GET "/assets/jquery_ujs.js?body=1" for 127.0.0.1 at Wed Oct 03 17:16:59 +0300 2012
Served asset /jquery_ujs.js - 304 Not Modified (2ms)


Started GET "/assets/application.js?body=1" for 127.0.0.1 at Wed Oct 03 17:16:59 +0300 2012
Served asset /application.js - 304 Not Modified (3ms)


Started GET "/" for 127.0.0.1 at Wed Oct 03 17:17:06 +0300 2012
Processing by HomeController#index as HTML
  [1m[36mHumanName Load (0.1ms)[0m  [1mSELECT "human_names".* FROM "human_names" [0m
  [1m[35m (0.2ms)[0m  SELECT COUNT(*) FROM "human_names" 
  Rendered home/index.html.erb within layouts/application (0.1ms)
Completed 200 OK in 7ms (Views: 4.5ms | ActiveRecord: 0.3ms)


Started GET "/assets/application.css?body=1" for 127.0.0.1 at Wed Oct 03 17:17:06 +0300 2012
Served asset /application.css - 304 Not Modified (0ms)


Started GET "/assets/jquery.js?body=1" for 127.0.0.1 at Wed Oct 03 17:17:06 +0300 2012
Served asset /jquery.js - 304 Not Modified (0ms)


Started GET "/assets/jquery_ujs.js?body=1" for 127.0.0.1 at Wed Oct 03 17:17:06 +0300 2012
Served asset /jquery_ujs.js - 304 Not Modified (0ms)


Started GET "/assets/application.js?body=1" for 127.0.0.1 at Wed Oct 03 17:17:06 +0300 2012
Served asset /application.js - 304 Not Modified (0ms)


Started GET "/" for 127.0.0.1 at Wed Oct 03 17:17:07 +0300 2012
Processing by HomeController#index as HTML
  [1m[36mHumanName Load (0.2ms)[0m  [1mSELECT "human_names".* FROM "human_names" [0m
  [1m[35m (0.2ms)[0m  SELECT COUNT(*) FROM "human_names" 
  Rendered home/index.html.erb within layouts/application (0.2ms)
Completed 200 OK in 12ms (Views: 8.4ms | ActiveRecord: 0.4ms)


Started GET "/assets/application.css?body=1" for 127.0.0.1 at Wed Oct 03 17:17:07 +0300 2012
Served asset /application.css - 304 Not Modified (0ms)


Started GET "/assets/jquery.js?body=1" for 127.0.0.1 at Wed Oct 03 17:17:07 +0300 2012
Served asset /jquery.js - 304 Not Modified (0ms)


Started GET "/assets/application.js?body=1" for 127.0.0.1 at Wed Oct 03 17:17:07 +0300 2012
Served asset /application.js - 304 Not Modified (0ms)


Started GET "/assets/jquery_ujs.js?body=1" for 127.0.0.1 at Wed Oct 03 17:17:07 +0300 2012
Served asset /jquery_ujs.js - 304 Not Modified (0ms)


Started GET "/" for 127.0.0.1 at Wed Oct 03 17:17:07 +0300 2012
Processing by HomeController#index as HTML
  [1m[36mHumanName Load (0.3ms)[0m  [1mSELECT "human_names".* FROM "human_names" [0m
  [1m[35m (0.2ms)[0m  SELECT COUNT(*) FROM "human_names" 
  Rendered home/index.html.erb within layouts/application (0.1ms)
Completed 200 OK in 9ms (Views: 5.3ms | ActiveRecord: 0.5ms)


Started GET "/assets/application.css?body=1" for 127.0.0.1 at Wed Oct 03 17:17:07 +0300 2012
Served asset /application.css - 304 Not Modified (0ms)


Started GET "/assets/application.js?body=1" for 127.0.0.1 at Wed Oct 03 17:17:07 +0300 2012
Served asset /application.js - 304 Not Modified (0ms)


Started GET "/assets/jquery.js?body=1" for 127.0.0.1 at Wed Oct 03 17:17:07 +0300 2012
Served asset /jquery.js - 304 Not Modified (0ms)


Started GET "/assets/jquery_ujs.js?body=1" for 127.0.0.1 at Wed Oct 03 17:17:07 +0300 2012
Served asset /jquery_ujs.js - 304 Not Modified (0ms)


Started GET "/" for 127.0.0.1 at Wed Oct 03 17:17:07 +0300 2012
Processing by HomeController#index as HTML
  [1m[36mHumanName Load (0.2ms)[0m  [1mSELECT "human_names".* FROM "human_names" [0m
  [1m[35m (0.1ms)[0m  SELECT COUNT(*) FROM "human_names" 
  Rendered home/index.html.erb within layouts/application (0.1ms)
Completed 200 OK in 6ms (Views: 3.7ms | ActiveRecord: 0.2ms)


Started GET "/assets/application.css?body=1" for 127.0.0.1 at Wed Oct 03 17:17:07 +0300 2012
Served asset /application.css - 304 Not Modified (0ms)


Started GET "/assets/jquery_ujs.js?body=1" for 127.0.0.1 at Wed Oct 03 17:17:07 +0300 2012
Served asset /jquery_ujs.js - 304 Not Modified (0ms)


Started GET "/assets/jquery.js?body=1" for 127.0.0.1 at Wed Oct 03 17:17:07 +0300 2012
Served asset /jquery.js - 304 Not Modified (0ms)


Started GET "/assets/application.js?body=1" for 127.0.0.1 at Wed Oct 03 17:17:07 +0300 2012
Served asset /application.js - 304 Not Modified (0ms)


Started GET "/" for 127.0.0.1 at Wed Oct 03 17:17:07 +0300 2012
Processing by HomeController#index as HTML
  [1m[36mHumanName Load (0.2ms)[0m  [1mSELECT "human_names".* FROM "human_names" [0m
  [1m[35m (0.1ms)[0m  SELECT COUNT(*) FROM "human_names" 
  Rendered home/index.html.erb within layouts/application (0.1ms)
Completed 200 OK in 4ms (Views: 2.6ms | ActiveRecord: 0.2ms)


Started GET "/assets/application.css?body=1" for 127.0.0.1 at Wed Oct 03 17:17:07 +0300 2012
Served asset /application.css - 304 Not Modified (0ms)


Started GET "/assets/application.js?body=1" for 127.0.0.1 at Wed Oct 03 17:17:07 +0300 2012
Served asset /application.js - 304 Not Modified (0ms)


Started GET "/assets/jquery_ujs.js?body=1" for 127.0.0.1 at Wed Oct 03 17:17:07 +0300 2012
Served asset /jquery_ujs.js - 304 Not Modified (0ms)


Started GET "/assets/jquery.js?body=1" for 127.0.0.1 at Wed Oct 03 17:17:07 +0300 2012
Served asset /jquery.js - 304 Not Modified (0ms)


Started GET "/" for 127.0.0.1 at Wed Oct 03 17:17:08 +0300 2012
Processing by HomeController#index as HTML
  [1m[36mHumanName Load (0.2ms)[0m  [1mSELECT "human_names".* FROM "human_names" [0m
  [1m[35m (0.1ms)[0m  SELECT COUNT(*) FROM "human_names" 
  Rendered home/index.html.erb within layouts/application (0.1ms)
Completed 200 OK in 5ms (Views: 2.9ms | ActiveRecord: 0.2ms)


Started GET "/assets/application.css?body=1" for 127.0.0.1 at Wed Oct 03 17:17:08 +0300 2012
Served asset /application.css - 304 Not Modified (0ms)


Started GET "/assets/jquery.js?body=1" for 127.0.0.1 at Wed Oct 03 17:17:08 +0300 2012
Served asset /jquery.js - 304 Not Modified (0ms)


Started GET "/assets/application.js?body=1" for 127.0.0.1 at Wed Oct 03 17:17:08 +0300 2012
Served asset /application.js - 304 Not Modified (0ms)


Started GET "/assets/jquery_ujs.js?body=1" for 127.0.0.1 at Wed Oct 03 17:17:08 +0300 2012
Served asset /jquery_ujs.js - 304 Not Modified (0ms)


Started GET "/" for 127.0.0.1 at Wed Oct 03 17:17:08 +0300 2012
Processing by HomeController#index as HTML
  [1m[36mHumanName Load (0.3ms)[0m  [1mSELECT "human_names".* FROM "human_names" [0m
  [1m[35m (0.2ms)[0m  SELECT COUNT(*) FROM "human_names" 
  Rendered home/index.html.erb within layouts/application (0.3ms)
Completed 200 OK in 12ms (Views: 8.2ms | ActiveRecord: 0.5ms)


Started GET "/assets/application.css?body=1" for 127.0.0.1 at Wed Oct 03 17:17:08 +0300 2012
Served asset /application.css - 304 Not Modified (0ms)


Started GET "/assets/application.js?body=1" for 127.0.0.1 at Wed Oct 03 17:17:08 +0300 2012
Served asset /application.js - 304 Not Modified (0ms)


Started GET "/assets/jquery_ujs.js?body=1" for 127.0.0.1 at Wed Oct 03 17:17:08 +0300 2012
Served asset /jquery_ujs.js - 304 Not Modified (0ms)


Started GET "/assets/jquery.js?body=1" for 127.0.0.1 at Wed Oct 03 17:17:08 +0300 2012
Served asset /jquery.js - 304 Not Modified (0ms)


Started GET "/" for 127.0.0.1 at Wed Oct 03 17:17:09 +0300 2012
Processing by HomeController#index as HTML
  [1m[36mHumanName Load (0.3ms)[0m  [1mSELECT "human_names".* FROM "human_names" [0m
  [1m[35m (0.2ms)[0m  SELECT COUNT(*) FROM "human_names" 
  Rendered home/index.html.erb within layouts/application (0.1ms)
Completed 200 OK in 8ms (Views: 4.2ms | ActiveRecord: 0.6ms)


Started GET "/assets/application.css?body=1" for 127.0.0.1 at Wed Oct 03 17:17:09 +0300 2012
Served asset /application.css - 304 Not Modified (0ms)


Started GET "/assets/jquery.js?body=1" for 127.0.0.1 at Wed Oct 03 17:17:09 +0300 2012
Served asset /jquery.js - 304 Not Modified (0ms)


Started GET "/assets/jquery_ujs.js?body=1" for 127.0.0.1 at Wed Oct 03 17:17:09 +0300 2012
Served asset /jquery_ujs.js - 304 Not Modified (0ms)


Started GET "/assets/application.js?body=1" for 127.0.0.1 at Wed Oct 03 17:17:09 +0300 2012
Served asset /application.js - 304 Not Modified (0ms)


Started GET "/" for 127.0.0.1 at Wed Oct 03 17:17:10 +0300 2012
Processing by HomeController#index as HTML
  [1m[36mHumanName Load (0.3ms)[0m  [1mSELECT "human_names".* FROM "human_names" [0m
  [1m[35m (0.2ms)[0m  SELECT COUNT(*) FROM "human_names" 
  Rendered home/index.html.erb within layouts/application (0.2ms)
Completed 200 OK in 10ms (Views: 6.0ms | ActiveRecord: 0.5ms)


Started GET "/assets/application.css?body=1" for 127.0.0.1 at Wed Oct 03 17:17:10 +0300 2012
Served asset /application.css - 304 Not Modified (0ms)


Started GET "/assets/application.js?body=1" for 127.0.0.1 at Wed Oct 03 17:17:10 +0300 2012
Served asset /application.js - 304 Not Modified (0ms)


Started GET "/assets/jquery_ujs.js?body=1" for 127.0.0.1 at Wed Oct 03 17:17:10 +0300 2012
Served asset /jquery_ujs.js - 304 Not Modified (0ms)


Started GET "/assets/jquery.js?body=1" for 127.0.0.1 at Wed Oct 03 17:17:10 +0300 2012
Served asset /jquery.js - 304 Not Modified (0ms)
